<?xml version="1.0" encoding="UTF-8"?>
<!-- Generated by org.testng.reporters.JUnitReportReporter -->
<testsuite hostname="DESKTOP-N22QR8J" failures="0" tests="4" name="PragtiSoftwareTesting.NewCalculatorAPI.AdditionTestCases" time="0.075" errors="0" timestamp="2021-05-17T12:17:34 IST" skipped="0">
  <testcase classname="PragtiSoftwareTesting.NewCalculatorAPI.AdditionTestCases" name="TestAdditionWithNegativeNumbers" time="0.062"/>
  <system-out/>
  <testcase classname="PragtiSoftwareTesting.NewCalculatorAPI.AdditionTestCases" name="TestAdditionWithPositiveNumbers" time="0.004"/>
  <system-out/>
  <testcase classname="PragtiSoftwareTesting.NewCalculatorAPI.AdditionTestCases" name="TestAdditionWithPositiveOneNegative" time="0.004"/>
  <system-out/>
  <testcase classname="PragtiSoftwareTesting.NewCalculatorAPI.AdditionTestCases" name="TestAdditionWithZeroNumbers" time="0.005"/>
  <system-out/>
</testsuite> <!-- PragtiSoftwareTesting.NewCalculatorAPI.AdditionTestCases -->
