<?xml version="1.0" encoding="UTF-8"?>
<!-- Generated by org.testng.reporters.JUnitReportReporter -->
<testsuite hostname="DESKTOP-N22QR8J" failures="0" tests="2" name="PragtiSoftwareTesting.NewCalculatorAPI.TestingSubstractionTestCases" time="0.015" errors="0" timestamp="2021-05-17T12:17:34 IST" skipped="0">
  <testcase classname="PragtiSoftwareTesting.NewCalculatorAPI.TestingSubstractionTestCases" name="TestingSubstractionWithPositiveNumber" time="0.004"/>
  <system-out/>
  <testcase classname="PragtiSoftwareTesting.NewCalculatorAPI.TestingSubstractionTestCases" name="TestingSubstractionWithOnePositiveNumber" time="0.011"/>
  <system-out/>
</testsuite> <!-- PragtiSoftwareTesting.NewCalculatorAPI.TestingSubstractionTestCases -->
