<?xml version="1.0" encoding="UTF-8"?>
<!-- Generated by org.testng.reporters.JUnitReportReporter -->
<testsuite hostname="DESKTOP-N22QR8J" failures="0" tests="4" name="PragtiSoftwareTesting.NewCalculatorAPI.TestMultiplication" time="0.024" errors="0" timestamp="2021-05-17T12:17:34 IST" skipped="0">
  <testcase classname="PragtiSoftwareTesting.NewCalculatorAPI.TestMultiplication" name="TestMultiplicationWithPositiveValues" time="0.003"/>
  <system-out/>
  <testcase classname="PragtiSoftwareTesting.NewCalculatorAPI.TestMultiplication" name="TestMultiplicationWithPositiveValues" time="0.013"/>
  <system-out/>
  <testcase classname="PragtiSoftwareTesting.NewCalculatorAPI.TestMultiplication" name="TestMultiplicationWithPositiveValues" time="0.003"/>
  <system-out/>
  <testcase classname="PragtiSoftwareTesting.NewCalculatorAPI.TestMultiplication" name="TestMultiplicationWithPositiveValues" time="0.005"/>
  <system-out/>
</testsuite> <!-- PragtiSoftwareTesting.NewCalculatorAPI.TestMultiplication -->
